<?xml version="1.0" encoding="utf-8"?><testsuites name="pytest tests"><testsuite name="pytest" errors="0" failures="0" skipped="0" tests="10" time="6.138" timestamp="2026-05-31T03:37:50.040920+00:00" hostname="agent-env-ef18ea92-ffc4-4de2-b069-8a95d5d14b43"><testcase classname="backend.tests.test_attendance_mode_module4.TestAttendanceMode" name="test_default_mode_service_completion" time="0.701" /><testcase classname="backend.tests.test_attendance_mode_module4.TestAttendanceMode" name="test_toggle_to_geo_and_back" time="0.347" /><testcase classname="backend.tests.test_attendance_mode_module4.TestAttendanceMode" name="test_invalid_mode_rejected" time="0.250" /><testcase classname="backend.tests.test_attendance_mode_module4.TestGeoCheckIn" name="test_far_away_rejected" time="0.684" /><testcase classname="backend.tests.test_attendance_mode_module4.TestGeoCheckIn" name="test_admin_on_behalf_bypass" time="0.465" /><testcase classname="backend.tests.test_attendance_mode_module4.TestGeoCheckIn" name="test_in_fence_checkin_then_checkout" time="0.655" /><testcase classname="backend.tests.test_attendance_mode_module4.TestGeoCheckIn" name="test_check_edit_admin_override" time="0.501" /><testcase classname="backend.tests.test_attendance_mode_module4.TestSalaryRefactor" name="test_paid_leave_no_deduction_unpaid_deducts" time="1.229" /><testcase classname="backend.tests.test_attendance_mode_module4.TestSalaryRefactor" name="test_half_day_unpaid_deducts_half" time="0.698" /><testcase classname="backend.tests.test_attendance_mode_module4.TestLockOnPaid" name="test_override_blocked_after_payment" time="0.551" /></testsuite></testsuites>