<?xml version="1.0" encoding="utf-8"?><testsuites name="pytest tests"><testsuite name="pytest" errors="0" failures="0" skipped="0" tests="11" time="4.339" timestamp="2026-05-31T03:39:06.829670+00:00" hostname="agent-env-ef18ea92-ffc4-4de2-b069-8a95d5d14b43"><testcase classname="backend.tests.test_attendance_module4_edge.TestAuth" name="test_attendance_mode_requires_token" time="0.615" /><testcase classname="backend.tests.test_attendance_module4_edge.TestAuth" name="test_attendance_mode_wrong_salon_id_blocked" time="0.114" /><testcase classname="backend.tests.test_attendance_module4_edge.TestAuth" name="test_check_in_requires_token" time="0.337" /><testcase classname="backend.tests.test_attendance_module4_edge.TestDefaultGeoSettings" name="test_geo_settings_defaults_seeded" time="0.240" /><testcase classname="backend.tests.test_attendance_module4_edge.TestModeAStamping" name="test_mode_a_calculate_stamps_service_completion" time="0.347" /><testcase classname="backend.tests.test_attendance_module4_edge.TestCheckInNotApplicable" name="test_checkin_blocked_when_mode_a_active" time="0.241" /><testcase classname="backend.tests.test_attendance_module4_edge.TestCheckOutWithoutCheckIn" name="test_checkout_without_checkin_409" time="0.344" /><testcase classname="backend.tests.test_attendance_module4_edge.TestLateCheckIn" name="test_late_checkin_marks_half_day_via_check_edit" time="0.501" /><testcase classname="backend.tests.test_attendance_module4_edge.TestLockOnPaidExtended" name="test_delete_override_blocked" time="0.434" /><testcase classname="backend.tests.test_attendance_module4_edge.TestLockOnPaidExtended" name="test_checkin_blocked_in_locked_month" time="0.544" /><testcase classname="backend.tests.test_attendance_module4_edge.TestLockOnPaidExtended" name="test_mark_all_present_skips_locked" time="0.557" /></testsuite></testsuites>