<?xml version="1.0" encoding="utf-8"?><testsuites name="pytest tests"><testsuite name="pytest" errors="0" failures="0" skipped="0" tests="6" time="0.701" timestamp="2026-04-19T09:23:27.472637+00:00" hostname="agent-env-dfddc443-1f57-4add-bf86-ae67864e7c7e"><testcase classname="backend.tests.test_booking_features.TestActiveBookings" name="test_active_bookings_with_plus" time="0.006" /><testcase classname="backend.tests.test_booking_features.TestActiveBookings" name="test_active_bookings_without_plus_normalizes" time="0.044" /><testcase classname="backend.tests.test_booking_features.TestActiveBookings" name="test_active_bookings_no_objectid_leak" time="0.045" /><testcase classname="backend.tests.test_booking_features.TestBarberGender" name="test_barbers_list_includes_gender_field" time="0.043" /><testcase classname="backend.tests.test_booking_features.TestBarberGender" name="test_update_barber_gender_specialization" time="0.464" /><testcase classname="backend.tests.test_booking_features.TestBookingLimit" name="test_booking_limit_rejects_duplicate_self" time="0.044" /></testsuite></testsuites>