<?xml version="1.0" encoding="utf-8"?><testsuites name="pytest tests"><testsuite name="pytest" errors="0" failures="0" skipped="0" tests="5" time="72.804" timestamp="2026-05-06T21:06:02.917441+00:00" hostname="agent-env-70313c29-5934-438d-bb5b-54e79f08d84e"><testcase classname="backend.tests.test_branches_phase1" name="test_main_branch_exists_after_migration" time="0.617" /><testcase classname="backend.tests.test_branches_phase1" name="test_create_update_set_main_deactivate" time="1.389" /><testcase classname="backend.tests.test_branches_phase1" name="test_qr_endpoint_returns_qr" time="1.339" /><testcase classname="backend.tests.test_branches_phase1" name="test_barbers_have_branch_id" time="68.173" /><testcase classname="backend.tests.test_branches_phase1" name="test_new_booking_has_branch_id" time="1.239" /></testsuite></testsuites>