<?xml version="1.0" encoding="utf-8"?><testsuites name="pytest tests"><testsuite name="pytest" errors="0" failures="0" skipped="1" tests="12" time="5.437" timestamp="2026-05-06T21:08:57.375825+00:00" hostname="agent-env-70313c29-5934-438d-bb5b-54e79f08d84e"><testcase classname="backend.tests.test_branches_phase1_extra" name="test_queue_without_branch_id_works" time="0.638" /><testcase classname="backend.tests.test_branches_phase1_extra" name="test_today_sales_without_branch_id_works" time="0.149" /><testcase classname="backend.tests.test_branches_phase1_extra" name="test_today_sales_branch_filter_returns_subset" time="0.475" /><testcase classname="backend.tests.test_branches_phase1_extra" name="test_financials_transactions_without_branch_id" time="0.138" /><testcase classname="backend.tests.test_branches_phase1_extra" name="test_financials_transactions_with_branch_id" time="0.131" /><testcase classname="backend.tests.test_branches_phase1_extra" name="test_financials_dashboard_without_branch_id" time="0.140" /><testcase classname="backend.tests.test_branches_phase1_extra" name="test_financials_dashboard_with_branch_id" time="0.165" /><testcase classname="backend.tests.test_branches_phase1_extra" name="test_barbers_with_branch_filter" time="0.147" /><testcase classname="backend.tests.test_branches_phase1_extra" name="test_barber_queue_with_branch_id" time="0.357" /><testcase classname="backend.tests.test_branches_phase1_extra" name="test_salon_booking_stamps_branch_id" time="0.679" /><testcase classname="backend.tests.test_branches_phase1_extra" name="test_cannot_deactivate_branch_with_active_tokens" time="0.524"><skipped type="pytest.skip" message="Couldn't move barber: 404 {&quot;detail&quot;:&quot;Not Found&quot;}">/app/backend/tests/test_branches_phase1_extra.py:221: Couldn't move barber: 404 {"detail":"Not Found"}</skipped></testcase><testcase classname="backend.tests.test_branches_phase1_extra" name="test_staff_cannot_create_branch" time="1.833" /></testsuite></testsuites>