<?xml version="1.0" encoding="utf-8"?><testsuites name="pytest tests"><testsuite name="pytest" errors="0" failures="0" skipped="0" tests="26" time="16.854" timestamp="2026-05-07T05:24:14.746558+00:00" hostname="agent-env-70313c29-5934-438d-bb5b-54e79f08d84e"><testcase classname="backend.tests.test_branches_phase1" name="test_main_branch_exists_after_migration" time="0.581" /><testcase classname="backend.tests.test_branches_phase1" name="test_create_update_set_main_deactivate" time="1.127" /><testcase classname="backend.tests.test_branches_phase1" name="test_qr_endpoint_returns_qr" time="0.218" /><testcase classname="backend.tests.test_branches_phase1" name="test_barbers_have_branch_id" time="0.113" /><testcase classname="backend.tests.test_branches_phase1" name="test_new_booking_has_branch_id" time="1.008" /><testcase classname="backend.tests.test_branches_phase1_extra" name="test_queue_without_branch_id_works" time="0.452" /><testcase classname="backend.tests.test_branches_phase1_extra" name="test_today_sales_without_branch_id_works" time="0.102" /><testcase classname="backend.tests.test_branches_phase1_extra" name="test_today_sales_branch_filter_returns_subset" time="0.301" /><testcase classname="backend.tests.test_branches_phase1_extra" name="test_financials_transactions_without_branch_id" time="0.097" /><testcase classname="backend.tests.test_branches_phase1_extra" name="test_financials_transactions_with_branch_id" time="0.120" /><testcase classname="backend.tests.test_branches_phase1_extra" name="test_financials_dashboard_without_branch_id" time="0.110" /><testcase classname="backend.tests.test_branches_phase1_extra" name="test_financials_dashboard_with_branch_id" time="0.103" /><testcase classname="backend.tests.test_branches_phase1_extra" name="test_barbers_with_branch_filter" time="0.111" /><testcase classname="backend.tests.test_branches_phase1_extra" name="test_barber_queue_with_branch_id" time="0.201" /><testcase classname="backend.tests.test_branches_phase1_extra" name="test_salon_booking_stamps_branch_id" time="0.503" /><testcase classname="backend.tests.test_branches_phase1_extra" name="test_cannot_deactivate_branch_with_active_tokens" time="1.150" /><testcase classname="backend.tests.test_branches_phase1_extra" name="test_staff_cannot_create_branch" time="1.502" /><testcase classname="backend.tests.test_branches_phase2" name="test_login_returns_assigned_branch_ids" time="1.659" /><testcase classname="backend.tests.test_branches_phase2" name="test_branch_manager_list_branches_is_scoped" time="1.226" /><testcase classname="backend.tests.test_branches_phase2" name="test_branch_manager_cannot_create_branch" time="0.865" /><testcase classname="backend.tests.test_branches_phase2" name="test_branch_manager_queue_auto_scopes_to_assigned" time="0.890" /><testcase classname="backend.tests.test_branches_phase2" name="test_branch_manager_cannot_query_other_branch" time="0.867" /><testcase classname="backend.tests.test_branches_phase2" name="test_branch_manager_financials_scoped" time="0.958" /><testcase classname="backend.tests.test_branches_phase2" name="test_staff_transfer_admin_flow" time="0.568" /><testcase classname="backend.tests.test_branches_phase2" name="test_branch_manager_cannot_transfer_outside_assigned" time="1.072" /><testcase classname="backend.tests.test_branches_phase2" name="test_staff_role_cannot_transfer" time="0.887" /></testsuite></testsuites>