<?xml version="1.0" encoding="utf-8"?><testsuites name="pytest tests"><testsuite name="pytest" errors="0" failures="0" skipped="0" tests="44" time="32.907" timestamp="2026-05-07T17:30:34.102562+00:00" hostname="agent-env-70313c29-5934-438d-bb5b-54e79f08d84e"><testcase classname="backend.tests.test_branches_phase3" name="test_locations_one_row_per_active_branch" time="1.296" /><testcase classname="backend.tests.test_branches_phase3" name="test_locations_naming_rule" time="0.133" /><testcase classname="backend.tests.test_branches_phase3" name="test_locations_name_filter" time="0.303" /><testcase classname="backend.tests.test_branches_phase3" name="test_locations_distance_sort_and_filter" time="0.143" /><testcase classname="backend.tests.test_branches_phase3" name="test_public_branches_endpoint" time="0.139" /><testcase classname="backend.tests.test_branches_phase3" name="test_public_branches_404_for_unknown_salon" time="0.109" /><testcase classname="backend.tests.test_branches_phase3" name="test_token_status_branch_filter" time="0.142" /><testcase classname="backend.tests.test_branches_phase3" name="test_booking_creation_with_branch_id" time="1.743" /><testcase classname="backend.tests.test_branches_phase1" name="test_main_branch_exists_after_migration" time="0.493" /><testcase classname="backend.tests.test_branches_phase1" name="test_create_update_set_main_deactivate" time="1.567" /><testcase classname="backend.tests.test_branches_phase1" name="test_qr_endpoint_returns_qr" time="0.289" /><testcase classname="backend.tests.test_branches_phase1" name="test_barbers_have_branch_id" time="0.139" /><testcase classname="backend.tests.test_branches_phase1" name="test_new_booking_has_branch_id" time="0.947" /><testcase classname="backend.tests.test_branches_phase1_extra" name="test_queue_without_branch_id_works" time="0.517" /><testcase classname="backend.tests.test_branches_phase1_extra" name="test_today_sales_without_branch_id_works" time="0.137" /><testcase classname="backend.tests.test_branches_phase1_extra" name="test_today_sales_branch_filter_returns_subset" time="0.427" /><testcase classname="backend.tests.test_branches_phase1_extra" name="test_financials_transactions_without_branch_id" time="0.158" /><testcase classname="backend.tests.test_branches_phase1_extra" name="test_financials_transactions_with_branch_id" time="0.123" /><testcase classname="backend.tests.test_branches_phase1_extra" name="test_financials_dashboard_without_branch_id" time="0.118" /><testcase classname="backend.tests.test_branches_phase1_extra" name="test_financials_dashboard_with_branch_id" time="0.126" /><testcase classname="backend.tests.test_branches_phase1_extra" name="test_barbers_with_branch_filter" time="0.158" /><testcase classname="backend.tests.test_branches_phase1_extra" name="test_barber_queue_with_branch_id" time="0.263" /><testcase classname="backend.tests.test_branches_phase1_extra" name="test_salon_booking_stamps_branch_id" time="0.478" /><testcase classname="backend.tests.test_branches_phase1_extra" name="test_cannot_deactivate_branch_with_active_tokens" time="1.306" /><testcase classname="backend.tests.test_branches_phase1_extra" name="test_staff_cannot_create_branch" time="1.608" /><testcase classname="backend.tests.test_branches_phase2" name="test_login_returns_assigned_branch_ids" time="1.879" /><testcase classname="backend.tests.test_branches_phase2" name="test_branch_manager_list_branches_is_scoped" time="1.406" /><testcase classname="backend.tests.test_branches_phase2" name="test_branch_manager_cannot_create_branch" time="0.994" /><testcase classname="backend.tests.test_branches_phase2" name="test_branch_manager_queue_auto_scopes_to_assigned" time="1.044" /><testcase classname="backend.tests.test_branches_phase2" name="test_branch_manager_cannot_query_other_branch" time="0.940" /><testcase classname="backend.tests.test_branches_phase2" name="test_branch_manager_financials_scoped" time="1.107" /><testcase classname="backend.tests.test_branches_phase2" name="test_staff_transfer_admin_flow" time="0.698" /><testcase classname="backend.tests.test_branches_phase2" name="test_branch_manager_cannot_transfer_outside_assigned" time="1.173" /><testcase classname="backend.tests.test_branches_phase2" name="test_staff_role_cannot_transfer" time="0.976" /><testcase classname="backend.tests.test_branches_phase2_extra" name="test_branch_manager_empty_assigned_branches_400" time="1.756" /><testcase classname="backend.tests.test_branches_phase2_extra" name="test_branch_manager_invalid_branch_id_400" time="0.363" /><testcase classname="backend.tests.test_branches_phase2_extra" name="test_put_user_change_role_and_branches" time="1.152" /><testcase classname="backend.tests.test_branches_phase2_extra" name="test_bm_today_sales_other_branch_403" time="0.952" /><testcase classname="backend.tests.test_branches_phase2_extra" name="test_bm_customers_scoped" time="1.215" /><testcase classname="backend.tests.test_branches_phase2_extra" name="test_bm_barbers_admin_view_scoped" time="0.953" /><testcase classname="backend.tests.test_branches_phase2_extra" name="test_bm_barbers_customer_view_not_scoped" time="1.033" /><testcase classname="backend.tests.test_branches_phase2_extra" name="test_bm_financials_transactions_other_branch_403" time="1.065" /><testcase classname="backend.tests.test_branches_phase2_extra" name="test_transfer_same_branch_400" time="0.270" /><testcase classname="backend.tests.test_branches_phase2_extra" name="test_bm_transfer_history_scoped" time="0.986" /></testsuite></testsuites>