<?xml version="1.0" encoding="utf-8"?><testsuites name="pytest tests"><testsuite name="pytest" errors="0" failures="0" skipped="0" tests="17" time="9.432" timestamp="2026-05-06T21:09:51.997387+00:00" hostname="agent-env-70313c29-5934-438d-bb5b-54e79f08d84e"><testcase classname="backend.tests.test_branches_phase1" name="test_main_branch_exists_after_migration" time="0.498" /><testcase classname="backend.tests.test_branches_phase1" name="test_create_update_set_main_deactivate" time="1.442" /><testcase classname="backend.tests.test_branches_phase1" name="test_qr_endpoint_returns_qr" time="0.265" /><testcase classname="backend.tests.test_branches_phase1" name="test_barbers_have_branch_id" time="0.150" /><testcase classname="backend.tests.test_branches_phase1" name="test_new_booking_has_branch_id" time="1.138" /><testcase classname="backend.tests.test_branches_phase1_extra" name="test_queue_without_branch_id_works" time="0.493" /><testcase classname="backend.tests.test_branches_phase1_extra" name="test_today_sales_without_branch_id_works" time="0.136" /><testcase classname="backend.tests.test_branches_phase1_extra" name="test_today_sales_branch_filter_returns_subset" time="0.397" /><testcase classname="backend.tests.test_branches_phase1_extra" name="test_financials_transactions_without_branch_id" time="0.134" /><testcase classname="backend.tests.test_branches_phase1_extra" name="test_financials_transactions_with_branch_id" time="0.136" /><testcase classname="backend.tests.test_branches_phase1_extra" name="test_financials_dashboard_without_branch_id" time="0.140" /><testcase classname="backend.tests.test_branches_phase1_extra" name="test_financials_dashboard_with_branch_id" time="0.140" /><testcase classname="backend.tests.test_branches_phase1_extra" name="test_barbers_with_branch_filter" time="0.176" /><testcase classname="backend.tests.test_branches_phase1_extra" name="test_barber_queue_with_branch_id" time="0.272" /><testcase classname="backend.tests.test_branches_phase1_extra" name="test_salon_booking_stamps_branch_id" time="0.601" /><testcase classname="backend.tests.test_branches_phase1_extra" name="test_cannot_deactivate_branch_with_active_tokens" time="1.513" /><testcase classname="backend.tests.test_branches_phase1_extra" name="test_staff_cannot_create_branch" time="1.745" /></testsuite></testsuites>