<?xml version="1.0" encoding="utf-8"?><testsuites name="pytest tests"><testsuite name="pytest" errors="0" failures="0" skipped="0" tests="5" time="1.869" timestamp="2026-04-26T03:15:14.227900+00:00" hostname="agent-env-68ab9a77-d8d1-47cc-a0cd-291c344acd3a"><testcase classname="backend.tests.test_incentive_dashboard" name="test_eligible_barbers_endpoint" time="0.544" /><testcase classname="backend.tests.test_incentive_dashboard" name="test_list_incentives_current_month" time="0.159" /><testcase classname="backend.tests.test_incentive_dashboard" name="test_update_status_invalid_status" time="0.137" /><testcase classname="backend.tests.test_incentive_dashboard" name="test_update_paid_requires_payment_method" time="0.265" /><testcase classname="backend.tests.test_incentive_dashboard" name="test_paid_creates_financial_transaction_and_links" time="0.715" /></testsuite></testsuites>