<?xml version="1.0" encoding="utf-8"?><testsuites name="pytest tests"><testsuite name="pytest" errors="0" failures="0" skipped="1" tests="11" time="3.224" timestamp="2026-04-26T04:49:18.915794+00:00" hostname="agent-env-68ab9a77-d8d1-47cc-a0cd-291c344acd3a"><testcase classname="backend.tests.test_incentive_dashboard" name="test_eligible_barbers" time="0.498" /><testcase classname="backend.tests.test_incentive_dashboard" name="test_list_incentives_has_manual_amount_field" time="0.116" /><testcase classname="backend.tests.test_incentive_dashboard" name="test_negative_manual_amount_rejected" time="0.126" /><testcase classname="backend.tests.test_incentive_dashboard" name="test_approve_persists_manual_amount_no_financial_txn" time="0.491" /><testcase classname="backend.tests.test_incentive_dashboard" name="test_paid_with_override_creates_single_txn_for_manual" time="0.223" /><testcase classname="backend.tests.test_incentive_dashboard" name="test_paid_again_no_duplicate" time="0.327" /><testcase classname="backend.tests.test_incentive_dashboard" name="test_paid_idempotency_when_linked_expense_id_null" time="0.232" /><testcase classname="backend.tests.test_incentive_dashboard" name="test_pay_without_override_uses_auto" time="0.329" /><testcase classname="backend.tests.test_incentive_dashboard" name="test_pay_override_when_auto_zero" time="0.499" /><testcase classname="backend.tests.test_incentive_dashboard" name="test_paid_requires_payment_method" time="0.116"><skipped type="pytest.skip" message="No unpaid earning row to test missing payment_method">/app/backend/tests/test_incentive_dashboard.py:338: No unpaid earning row to test missing payment_method</skipped></testcase><testcase classname="backend.tests.test_incentive_dashboard" name="test_invalid_status" time="0.118" /></testsuite></testsuites>