<?xml version="1.0" encoding="utf-8"?><testsuites name="pytest tests"><testsuite name="pytest" errors="0" failures="0" skipped="0" tests="9" time="2.457" timestamp="2026-06-01T02:26:55.569670+00:00" hostname="agent-env-c1133d87-f6f0-4224-a15b-911c70f67ba7"><testcase classname="backend.tests.test_attendance_admin_override.TestLeaveTypesConfig" name="test_returns_four_default_types" time="0.548" /><testcase classname="backend.tests.test_attendance_admin_override.TestCheckEditAuto" name="test_full_day_marks_present_with_540_minutes" time="0.242" /><testcase classname="backend.tests.test_attendance_admin_override.TestCheckEditAuto" name="test_short_day_marks_half_day" time="0.254" /><testcase classname="backend.tests.test_attendance_admin_override.TestManualOverride" name="test_holiday_persists" time="0.409" /><testcase classname="backend.tests.test_attendance_admin_override.TestManualOverride" name="test_invalid_status_rejected" time="0.114" /><testcase classname="backend.tests.test_attendance_admin_override.TestLeaveRecord" name="test_create_unpaid_leave_succeeds" time="0.237" /><testcase classname="backend.tests.test_attendance_admin_override.TestLeaveRecord" name="test_leave_appears_in_listing" time="0.134" /><testcase classname="backend.tests.test_attendance_admin_override.TestLeaveRecord" name="test_cancel_leave" time="0.119" /><testcase classname="backend.tests.test_attendance_admin_override.TestClearOverride" name="test_clear_removes_attendance_override" time="0.336" /></testsuite></testsuites>