<?xml version="1.0" encoding="utf-8"?><testsuites name="pytest tests"><testsuite name="pytest" errors="0" failures="0" skipped="1" tests="12" time="3.028" timestamp="2026-05-31T06:37:37.350068+00:00" hostname="agent-env-35deebdc-6a83-4d29-b184-ef029fea136e"><testcase classname="tests.test_module7_modify_booking.TestModifyHappyPath" name="test_modify_with_assignments_and_percent" time="0.701" /><testcase classname="tests.test_module7_modify_booking.TestModifyHappyPath" name="test_modify_with_final_amount_derives_percent" time="0.199" /><testcase classname="tests.test_module7_modify_booking.TestModifyValidation" name="test_rejects_main_barber_any" time="0.193" /><testcase classname="tests.test_module7_modify_booking.TestModifyValidation" name="test_rejects_unknown_main_barber" time="0.217" /><testcase classname="tests.test_module7_modify_booking.TestModifyValidation" name="test_rejects_unknown_line_barber" time="0.195" /><testcase classname="tests.test_module7_modify_booking.TestModifyValidation" name="test_rejects_unknown_token" time="0.048" /><testcase classname="tests.test_module7_modify_booking.TestModifyValidation" name="test_rejects_completed_token" time="0.193" /><testcase classname="tests.test_module7_modify_booking.TestBackwardCompat" name="test_modify_legacy_token_without_assignments" time="0.147" /><testcase classname="tests.test_module7_modify_booking.TestRevenueAttributionHelpers" name="test_barber_revenue_split_pro_rata" time="0.742" /><testcase classname="tests.test_module7_modify_booking.TestRevenueAttributionHelpers" name="test_legacy_token_credits_main_barber_in_full" time="0.000" /><testcase classname="tests.test_module7_modify_booking.TestRevenueAttributionHelpers" name="test_service_revenue_uses_line_total" time="0.000" /><testcase classname="tests.test_module7_modify_booking.TestReportsAndIncentives" name="test_split_token_reflected_in_reports_and_incentives" time="0.341"><skipped type="pytest.skip" message="No reward plan / incentive rows configured for this salon — feature not testable for this salon">/app/backend/tests/test_module7_modify_booking.py:402: No reward plan / incentive rows configured for this salon — feature not testable for this salon</skipped></testcase></testsuite></testsuites>