<?xml version="1.0" encoding="utf-8"?><testsuites name="pytest tests"><testsuite name="pytest" errors="0" failures="0" skipped="0" tests="14" time="2.561" timestamp="2026-04-30T20:36:57.141329+00:00" hostname="agent-env-db90c37e-d7dc-4dfa-9bbc-43ec27395e6c"><testcase classname="backend.tests.test_whatsapp_cancel_reschedule.TestCancelLinkGet" name="test_get_cancel_link_shows_confirmation_page" time="0.264" /><testcase classname="backend.tests.test_whatsapp_cancel_reschedule.TestCancelLinkGet" name="test_get_cancel_link_for_already_cancelled" time="0.154" /><testcase classname="backend.tests.test_whatsapp_cancel_reschedule.TestCancelLinkGet" name="test_get_cancel_link_for_missing_token" time="0.127" /><testcase classname="backend.tests.test_whatsapp_cancel_reschedule.TestCancelLinkPost" name="test_post_cancel_link_confirms_and_cancels" time="0.415" /><testcase classname="backend.tests.test_whatsapp_cancel_reschedule.TestCancelLinkPost" name="test_post_cancel_link_on_completed_is_rejected" time="0.133" /><testcase classname="backend.tests.test_whatsapp_cancel_reschedule.TestPublicDetails" name="test_public_details_waiting" time="0.152" /><testcase classname="backend.tests.test_whatsapp_cancel_reschedule.TestPublicDetails" name="test_public_details_completed_rejected" time="0.135" /><testcase classname="backend.tests.test_whatsapp_cancel_reschedule.TestPublicDetails" name="test_public_details_cancelled_rejected" time="0.131" /><testcase classname="backend.tests.test_whatsapp_cancel_reschedule.TestPublicDetails" name="test_public_details_missing" time="0.126" /><testcase classname="backend.tests.test_whatsapp_cancel_reschedule.TestCustomerReschedule" name="test_reschedule_updates_same_token" time="0.141" /><testcase classname="backend.tests.test_whatsapp_cancel_reschedule.TestCustomerReschedule" name="test_reschedule_rejects_cancelled" time="0.115" /><testcase classname="backend.tests.test_whatsapp_cancel_reschedule.TestCustomerReschedule" name="test_reschedule_rejects_completed" time="0.113" /><testcase classname="backend.tests.test_whatsapp_cancel_reschedule.TestCustomerReschedule" name="test_reschedule_missing_token_404" time="0.121" /><testcase classname="backend.tests.test_whatsapp_cancel_reschedule.TestRegressionCustomerCancel" name="test_customer_cancel_endpoint_still_works" time="0.295" /></testsuite></testsuites>