<?xml version="1.0" encoding="utf-8"?><testsuites name="pytest tests"><testsuite name="pytest" errors="0" failures="0" skipped="0" tests="10" time="1.690" timestamp="2026-04-26T05:11:28.599110+00:00" hostname="agent-env-68ab9a77-d8d1-47cc-a0cd-291c344acd3a"><testcase classname="backend.tests.test_iter9_capacity_and_slabs" name="test_capacity_excludes_completed_cancelled_skipped" time="0.009" /><testcase classname="backend.tests.test_iter9_capacity_and_slabs" name="test_capacity_includes_pending_statuses" time="0.003" /><testcase classname="backend.tests.test_iter9_capacity_and_slabs" name="test_capacity_mixed_only_counts_pending" time="0.002" /><testcase classname="backend.tests.test_iter9_capacity_and_slabs" name="test_slab_above_highest_uses_highest_crossed" time="0.000" /><testcase classname="backend.tests.test_iter9_capacity_and_slabs" name="test_slab_inside_lower_only_first_applies" time="0.000" /><testcase classname="backend.tests.test_iter9_capacity_and_slabs" name="test_slab_inside_higher_only_second_applies" time="0.000" /><testcase classname="backend.tests.test_iter9_capacity_and_slabs" name="test_slab_below_threshold_no_earnings" time="0.000" /><testcase classname="backend.tests.test_iter9_capacity_and_slabs" name="test_actual_sales_uses_date_field" time="0.001" /><testcase classname="backend.tests.test_iter9_capacity_and_slabs" name="test_live_incentive_endpoint_imran_regression" time="0.507" /><testcase classname="backend.tests.test_iter9_capacity_and_slabs" name="test_complete_token_triggers_incentive_recompute" time="0.501" /></testsuite></testsuites>