<?xml version="1.0" encoding="utf-8"?><testsuites name="pytest tests"><testsuite name="pytest" errors="0" failures="0" skipped="0" tests="50" time="77.593" timestamp="2026-05-31T04:07:11.838681+00:00" hostname="agent-env-ef18ea92-ffc4-4de2-b069-8a95d5d14b43"><testcase classname="backend.tests.test_attendance_mode_module4.TestAttendanceMode" name="test_default_mode_service_completion" time="0.579" /><testcase classname="backend.tests.test_attendance_mode_module4.TestAttendanceMode" name="test_toggle_to_geo_and_back" time="0.336" /><testcase classname="backend.tests.test_attendance_mode_module4.TestAttendanceMode" name="test_invalid_mode_rejected" time="0.220" /><testcase classname="backend.tests.test_attendance_mode_module4.TestGeoCheckIn" name="test_far_away_rejected" time="0.670" /><testcase classname="backend.tests.test_attendance_mode_module4.TestGeoCheckIn" name="test_admin_on_behalf_bypass" time="0.454" /><testcase classname="backend.tests.test_attendance_mode_module4.TestGeoCheckIn" name="test_in_fence_checkin_then_checkout" time="0.708" /><testcase classname="backend.tests.test_attendance_mode_module4.TestGeoCheckIn" name="test_check_edit_admin_override" time="0.469" /><testcase classname="backend.tests.test_attendance_mode_module4.TestSalaryRefactor" name="test_paid_leave_no_deduction_unpaid_deducts" time="1.232" /><testcase classname="backend.tests.test_attendance_mode_module4.TestSalaryRefactor" name="test_half_day_unpaid_deducts_half" time="0.684" /><testcase classname="backend.tests.test_attendance_mode_module4.TestLockOnPaid" name="test_override_blocked_after_payment" time="0.544" /><testcase classname="backend.tests.test_attendance_mode_module4.TestSalonWideReport" name="test_report_json_default_window" time="0.217" /><testcase classname="backend.tests.test_attendance_mode_module4.TestSalonWideReport" name="test_report_csv_download" time="0.242" /><testcase classname="backend.tests.test_attendance_mode_module4.TestSalonWideReport" name="test_report_invalid_dates_400" time="0.213" /><testcase classname="backend.tests.test_attendance_mode_module4.TestSalonWideReport" name="test_report_no_token_blocked" time="0.240" /><testcase classname="backend.tests.test_attendance_mode_module4.TestMonthlyAttendanceHasLogin" name="test_monthly_attendance_returns_has_login_and_mode" time="0.224" /><testcase classname="backend.tests.test_attendance_module4_edge.TestAuth" name="test_attendance_mode_requires_token" time="0.438" /><testcase classname="backend.tests.test_attendance_module4_edge.TestAuth" name="test_attendance_mode_wrong_salon_id_blocked" time="0.106" /><testcase classname="backend.tests.test_attendance_module4_edge.TestAuth" name="test_check_in_requires_token" time="0.314" /><testcase classname="backend.tests.test_attendance_module4_edge.TestDefaultGeoSettings" name="test_geo_settings_defaults_seeded" time="0.240" /><testcase classname="backend.tests.test_attendance_module4_edge.TestModeAStamping" name="test_mode_a_calculate_stamps_service_completion" time="0.374" /><testcase classname="backend.tests.test_attendance_module4_edge.TestCheckInNotApplicable" name="test_checkin_blocked_when_mode_a_active" time="0.247" /><testcase classname="backend.tests.test_attendance_module4_edge.TestCheckOutWithoutCheckIn" name="test_checkout_without_checkin_409" time="0.330" /><testcase classname="backend.tests.test_attendance_module4_edge.TestLateCheckIn" name="test_late_checkin_marks_half_day_via_check_edit" time="0.479" /><testcase classname="backend.tests.test_attendance_module4_edge.TestLockOnPaidExtended" name="test_delete_override_blocked" time="0.466" /><testcase classname="backend.tests.test_attendance_module4_edge.TestLockOnPaidExtended" name="test_checkin_blocked_in_locked_month" time="0.455" /><testcase classname="backend.tests.test_attendance_module4_edge.TestLockOnPaidExtended" name="test_mark_all_present_skips_locked" time="0.575" /><testcase classname="backend.tests.test_leave_tracker_module2.TestLeaveTypesConfig" name="test_default_seed_returns_four_codes" time="0.454" /><testcase classname="backend.tests.test_leave_tracker_module2.TestLeaveTypesConfig" name="test_create_uppercases_code_and_409_on_duplicate" time="0.325" /><testcase classname="backend.tests.test_leave_tracker_module2.TestLeaveTypesConfig" name="test_mutual_exclusion_create_400" time="0.107" /><testcase classname="backend.tests.test_leave_tracker_module2.TestLeaveTypesConfig" name="test_put_partial_update_and_clear_flags" time="30.707" /><testcase classname="backend.tests.test_leave_tracker_module2.TestLeaveTypesConfig" name="test_delete_soft_hides_unless_include_inactive" time="0.442" /><testcase classname="backend.tests.test_leave_tracker_module2.TestLeaveBalance" name="test_get_creates_rows_and_fy_format" time="0.227" /><testcase classname="backend.tests.test_leave_tracker_module2.TestLeaveBalance" name="test_adjust_positive_negative_and_cap_clamp" time="0.349" /><testcase classname="backend.tests.test_leave_tracker_module2.TestLeaveBalance" name="test_ledger_pagination_and_filter" time="0.243" /><testcase classname="backend.tests.test_leave_tracker_module2.TestLeaveRecords" name="test_create_full_day_debits_one" time="0.802" /><testcase classname="backend.tests.test_leave_tracker_module2.TestLeaveRecords" name="test_half_day_debits_half" time="0.458" /><testcase classname="backend.tests.test_leave_tracker_module2.TestLeaveRecords" name="test_duplicate_date_returns_409" time="0.574" /><testcase classname="backend.tests.test_leave_tracker_module2.TestLeaveRecords" name="test_insufficient_balance_409" time="0.320" /><testcase classname="backend.tests.test_leave_tracker_module2.TestLeaveRecords" name="test_update_changes_type_restores_old_debits_new" time="8.401" /><testcase classname="backend.tests.test_leave_tracker_module2.TestLeaveRecords" name="test_update_type_rollback_on_insufficient" time="3.869" /><testcase classname="backend.tests.test_leave_tracker_module2.TestLeaveRecords" name="test_delete_cancels_restores_balance_and_removes_date" time="0.716" /><testcase classname="backend.tests.test_leave_tracker_module2.TestLeaveRecords" name="test_list_filters" time="4.714" /><testcase classname="backend.tests.test_leave_tracker_module2.TestAuth" name="test_no_token_401" time="0.098" /><testcase classname="backend.tests.test_leave_tracker_module2.TestAuth" name="test_wrong_salon_403" time="0.105" /><testcase classname="backend.tests.test_leave_tracker_module2.TestAttendanceRules" name="test_patch_attendance_rules" time="0.114" /><testcase classname="backend.tests.test_leave_tracker_module2.TestAttendanceRules" name="test_put_persists_attendance_rules" time="11.506" /><testcase classname="backend.tests.test_module4_crossmod_gaps.TestReportFilters" name="test_branch_id_filter_scopes_rows" time="0.576" /><testcase classname="backend.tests.test_module4_crossmod_gaps.TestReportFilters" name="test_barber_ids_filter_scopes_rows" time="0.107" /><testcase classname="backend.tests.test_module4_crossmod_gaps.TestReportFilters" name="test_end_before_start_400" time="0.104" /><testcase classname="backend.tests.test_module4_crossmod_gaps.TestLeaveTypeSnapshot" name="test_snapshot_is_stored_and_salary_uses_it" time="1.135" /></testsuite></testsuites>