<?xml version="1.0" encoding="utf-8"?><testsuites name="pytest tests"><testsuite name="pytest" errors="0" failures="0" skipped="0" tests="9" time="0.990" timestamp="2026-05-31T05:15:27.622958+00:00" hostname="agent-env-35deebdc-6a83-4d29-b184-ef029fea136e"><testcase classname="tests.test_services_menu_qr_module6.TestServicesMenuQrEndpoint" name="test_services_menu_qr_returns_payload" time="0.167" /><testcase classname="tests.test_services_menu_qr_module6.TestServicesMenuQrEndpoint" name="test_services_menu_qr_unknown_branch_404" time="0.048" /><testcase classname="tests.test_services_menu_qr_module6.TestPublicMenuEndpoint" name="test_menu_returns_salon_branch_services_keys" time="0.049" /><testcase classname="tests.test_services_menu_qr_module6.TestPublicMenuEndpoint" name="test_menu_public_no_auth_required" time="0.112" /><testcase classname="tests.test_services_menu_qr_module6.TestPublicMenuEndpoint" name="test_menu_unknown_salon_404" time="0.049" /><testcase classname="tests.test_services_menu_qr_module6.TestPublicMenuEndpoint" name="test_menu_without_branch_falls_back_to_main" time="0.045" /><testcase classname="tests.test_services_menu_qr_module6.TestBookingQrRegression" name="test_booking_qr_still_works" time="0.054" /><testcase classname="tests.test_services_menu_qr_module6.TestBookingOtpFlagStamping" name="test_unverified_user_stamps_false" time="0.176" /><testcase classname="tests.test_services_menu_qr_module6.TestBookingOtpFlagStamping" name="test_verified_user_stamps_true" time="0.152" /></testsuite></testsuites>