<?xml version="1.0" encoding="utf-8"?><testsuites name="pytest tests"><testsuite name="pytest" errors="0" failures="3" skipped="0" tests="20" time="9.059" timestamp="2026-05-31T02:43:21.875870+00:00" hostname="agent-env-ef18ea92-ffc4-4de2-b069-8a95d5d14b43"><testcase classname="backend.tests.test_leave_tracker_module2.TestLeaveTypesConfig" name="test_default_seed_returns_four_codes" time="0.673" /><testcase classname="backend.tests.test_leave_tracker_module2.TestLeaveTypesConfig" name="test_create_uppercases_code_and_409_on_duplicate" time="0.364" /><testcase classname="backend.tests.test_leave_tracker_module2.TestLeaveTypesConfig" name="test_mutual_exclusion_create_400" time="0.133" /><testcase classname="backend.tests.test_leave_tracker_module2.TestLeaveTypesConfig" name="test_put_partial_update_and_clear_flags" time="0.573" /><testcase classname="backend.tests.test_leave_tracker_module2.TestLeaveTypesConfig" name="test_delete_soft_hides_unless_include_inactive" time="0.500" /><testcase classname="backend.tests.test_leave_tracker_module2.TestLeaveBalance" name="test_get_creates_rows_and_fy_format" time="0.242" /><testcase classname="backend.tests.test_leave_tracker_module2.TestLeaveBalance" name="test_adjust_positive_negative_and_cap_clamp" time="0.351" /><testcase classname="backend.tests.test_leave_tracker_module2.TestLeaveBalance" name="test_ledger_pagination_and_filter" time="0.227" /><testcase classname="backend.tests.test_leave_tracker_module2.TestLeaveRecords" name="test_create_full_day_debits_one" time="0.905" /><testcase classname="backend.tests.test_leave_tracker_module2.TestLeaveRecords" name="test_half_day_debits_half" time="0.461" /><testcase classname="backend.tests.test_leave_tracker_module2.TestLeaveRecords" name="test_duplicate_date_returns_409" time="0.581" /><testcase classname="backend.tests.test_leave_tracker_module2.TestLeaveRecords" name="test_insufficient_balance_409" time="0.361" /><testcase classname="backend.tests.test_leave_tracker_module2.TestLeaveRecords" name="test_update_changes_type_restores_old_debits_new" time="1.185" /><testcase classname="backend.tests.test_leave_tracker_module2.TestLeaveRecords" name="test_update_type_rollback_on_insufficient" time="0.697"><failure message="assert 29.0 == 28.0">backend/tests/test_leave_tracker_module2.py:331: in test_update_type_rollback_on_insufficient
    assert cl_before == cl_after
E   assert 29.0 == 28.0</failure></testcase><testcase classname="backend.tests.test_leave_tracker_module2.TestLeaveRecords" name="test_delete_cancels_restores_balance_and_removes_date" time="0.670" /><testcase classname="backend.tests.test_leave_tracker_module2.TestLeaveRecords" name="test_list_filters" time="0.555" /><testcase classname="backend.tests.test_leave_tracker_module2.TestAuth" name="test_no_token_401" time="0.112" /><testcase classname="backend.tests.test_leave_tracker_module2.TestAuth" name="test_wrong_salon_403" time="0.120" /><testcase classname="backend.tests.test_leave_tracker_module2.TestAttendanceRules" name="test_patch_attendance_rules" time="0.121"><failure message="AssertionError: PATCH returned 405: {&quot;detail&quot;:&quot;Method Not Allowed&quot;}&#10;assert 405 in (200, 204)&#10; +  where 405 = &lt;Response [405]&gt;.status_code">backend/tests/test_leave_tracker_module2.py:392: in test_patch_attendance_rules
    assert r.status_code in (200, 204), f"PATCH returned {r.status_code}: {r.text}"
E   AssertionError: PATCH returned 405: {"detail":"Method Not Allowed"}
E   assert 405 in (200, 204)
E    +  where 405 = &lt;Response [405]&gt;.status_code</failure></testcase><testcase classname="backend.tests.test_leave_tracker_module2.TestAttendanceRules" name="test_put_persists_attendance_rules" time="0.108"><failure message="AssertionError: {&quot;detail&quot;:&quot;Invalid authentication credentials&quot;}&#10;assert 401 == 200&#10; +  where 401 = &lt;Response [401]&gt;.status_code">backend/tests/test_leave_tracker_module2.py:405: in test_put_persists_attendance_rules
    assert r.status_code == 200, r.text
E   AssertionError: {"detail":"Invalid authentication credentials"}
E   assert 401 == 200
E    +  where 401 = &lt;Response [401]&gt;.status_code</failure></testcase></testsuite></testsuites>