<?xml version="1.0" encoding="utf-8"?><testsuites name="pytest tests"><testsuite name="pytest" errors="0" failures="2" skipped="0" tests="10" time="1.666" timestamp="2026-04-19T06:59:55.345434+00:00" hostname="agent-env-dfddc443-1f57-4add-bf86-ae67864e7c7e"><testcase classname="backend.tests.test_operational_hours.TestOperationalHours" name="test_get_returns_all_seven_days" time="0.500" /><testcase classname="backend.tests.test_operational_hours.TestOperationalHours" name="test_put_updates_schedule_persists" time="0.139" /><testcase classname="backend.tests.test_operational_hours.TestOperationalHours" name="test_put_marks_holiday" time="0.094" /><testcase classname="backend.tests.test_operational_hours.TestManualToggle" name="test_set_manual_open" time="0.105" /><testcase classname="backend.tests.test_operational_hours.TestManualToggle" name="test_set_manual_closed" time="0.102" /><testcase classname="backend.tests.test_operational_hours.TestManualToggle" name="test_clear_override" time="0.092"><failure message="assert True is False">E   assert True is False</failure></testcase><testcase classname="backend.tests.test_operational_hours.TestBookingAvailability" name="test_manual_closed_blocks_bookings" time="0.092" /><testcase classname="backend.tests.test_operational_hours.TestBookingAvailability" name="test_manual_open_allows_bookings" time="0.091" /><testcase classname="backend.tests.test_operational_hours.TestBookingAvailability" name="test_holiday_blocks_when_no_override" time="0.140"><failure message="assert True is False">E   assert True is False</failure></testcase><testcase classname="backend.tests.test_operational_hours.TestBookingAvailability" name="test_non_holiday_allows_bookings_no_override" time="0.250" /></testsuite></testsuites>