<?xml version="1.0" encoding="utf-8"?><testsuites name="pytest tests"><testsuite name="pytest" errors="0" failures="0" skipped="0" tests="26" time="11.305" timestamp="2026-05-26T19:14:07.695662+00:00" hostname="agent-env-dc380d18-32f6-440b-8de6-9e1fe92493f0"><testcase classname="tests.test_salon_inventory_phase13_14.TestPhase14CRUD" name="test_create_item" time="0.510" /><testcase classname="tests.test_salon_inventory_phase13_14.TestPhase14CRUD" name="test_list_items_includes_created" time="0.129" /><testcase classname="tests.test_salon_inventory_phase13_14.TestPhase14CRUD" name="test_get_one" time="0.126" /><testcase classname="tests.test_salon_inventory_phase13_14.TestPhase14CRUD" name="test_update_manual_item" time="0.112" /><testcase classname="tests.test_salon_inventory_phase13_14.TestPhase14CRUD" name="test_create_invalid_availability" time="0.112" /><testcase classname="tests.test_salon_inventory_phase13_14.TestPhase14CRUD" name="test_create_negative_qty" time="0.113" /><testcase classname="tests.test_salon_inventory_phase13_14.TestPhase14CRUD" name="test_unauthorized_list" time="0.105" /><testcase classname="tests.test_salon_inventory_phase13_14.TestPhase14CRUD" name="test_soft_delete" time="0.406" /><testcase classname="tests.test_salon_inventory_phase13_14.TestPhase14Lifecycle" name="test_assign_to_staff" time="0.258" /><testcase classname="tests.test_salon_inventory_phase13_14.TestPhase14Lifecycle" name="test_assign_too_much" time="0.116" /><testcase classname="tests.test_salon_inventory_phase13_14.TestPhase14Lifecycle" name="test_reserve_internal" time="0.632" /><testcase classname="tests.test_salon_inventory_phase13_14.TestPhase14Lifecycle" name="test_consume" time="0.253" /><testcase classname="tests.test_salon_inventory_phase13_14.TestPhase14Lifecycle" name="test_consume_rejected_for_sale_only" time="0.244" /><testcase classname="tests.test_salon_inventory_phase13_14.TestPhase14Lifecycle" name="test_sell" time="0.227" /><testcase classname="tests.test_salon_inventory_phase13_14.TestPhase14Lifecycle" name="test_sell_rejected_for_internal_only" time="0.239" /><testcase classname="tests.test_salon_inventory_phase13_14.TestPhase14Movements" name="test_movements_appear_for_lifecycle_actions" time="0.910" /><testcase classname="tests.test_salon_inventory_phase13_14.TestPhase14Movements" name="test_list_all_movements_filter" time="0.162" /><testcase classname="tests.test_salon_inventory_phase13_14.TestPhase13AutoPost" name="test_full_delivery_flow" time="1.998" /><testcase classname="tests.test_salon_inventory_phase13_14.TestPhase13AutoPost" name="test_second_order_increments_same_row" time="2.852" /><testcase classname="tests.test_salon_inventory_phase13_14.TestPhase13Idempotency" name="test_direct_call_skips_when_already_posted" time="0.867" /><testcase classname="tests.test_salon_inventory_phase13_14.TestPaymentModeChange" name="test_change_cod_to_upi" time="0.144" /><testcase classname="tests.test_salon_inventory_phase13_14.TestPaymentModeChange" name="test_change_same_mode_no_history" time="0.234" /><testcase classname="tests.test_salon_inventory_phase13_14.TestPaymentModeChange" name="test_invalid_payment_mode" time="0.129" /><testcase classname="tests.test_salon_inventory_phase13_14.TestPaymentModeChange" name="test_wrong_salon_returns_404" time="0.122" /><testcase classname="tests.test_salon_inventory_phase13_14.TestNegativePaths" name="test_unauthorized_no_jwt" time="0.100" /><testcase classname="tests.test_salon_inventory_phase13_14.TestNegativePaths" name="test_other_salon_item_404" time="0.146" /></testsuite></testsuites>