<?xml version="1.0" encoding="utf-8"?><testsuites name="pytest tests"><testsuite name="pytest" errors="0" failures="2" skipped="0" tests="18" time="3.212" timestamp="2026-04-12T05:53:29.014593+00:00" hostname="agent-env-92fe2b66-0746-427a-be7f-2e16c0c43593"><testcase classname="backend.tests.test_rbac_features.TestSalonLogin" name="test_salon_password_login" time="0.348" /><testcase classname="backend.tests.test_rbac_features.TestSalonLogin" name="test_token_validity" time="0.107" /><testcase classname="backend.tests.test_rbac_features.TestServicesToggle" name="test_get_all_services" time="0.106" /><testcase classname="backend.tests.test_rbac_features.TestServicesToggle" name="test_toggle_service_enable" time="0.228" /><testcase classname="backend.tests.test_rbac_features.TestMembershipPlans" name="test_get_membership_plans" time="0.113" /><testcase classname="backend.tests.test_rbac_features.TestMembershipPlans" name="test_create_membership_plan" time="0.112" /><testcase classname="backend.tests.test_rbac_features.TestMembershipPlans" name="test_update_membership_plan" time="0.142" /><testcase classname="backend.tests.test_rbac_features.TestMembershipPlans" name="test_delete_membership_plan" time="0.102" /><testcase classname="backend.tests.test_rbac_features.TestCustomerMembershipPurchase" name="test_customer_buy_membership_no_auth" time="0.350" /><testcase classname="backend.tests.test_rbac_features.TestStaffAccessControl" name="test_get_barbers" time="0.100" /><testcase classname="backend.tests.test_rbac_features.TestStaffAccessControl" name="test_create_staff_user" time="0.121" /><testcase classname="backend.tests.test_rbac_features.TestStaffServiceAssignment" name="test_get_barber_services" time="0.217" /><testcase classname="backend.tests.test_rbac_features.TestStaffServiceAssignment" name="test_toggle_barber_service" time="0.311" /><testcase classname="backend.tests.test_rbac_features.TestCustomPackages" name="test_create_custom_package" time="0.213"><failure message="AssertionError: Create package failed: {&quot;detail&quot;:[{&quot;type&quot;:&quot;missing&quot;,&quot;loc&quot;:[&quot;body&quot;,&quot;services&quot;],&quot;msg&quot;:&quot;Field required&quot;,&quot;input&quot;:{&quot;salon_id&quot;:&quot;a9b1b6e7-482c-4dc0-904a-9fa50cc283d3&quot;,&quot;customer_phone&quot;:&quot;+919999999999&quot;,&quot;customer_name&quot;:&quot;Test Customer&quot;,&quot;package_name&quot;:&quot;TEST_Custom_Package&quot;,&quot;service_ids&quot;:[&quot;b9f6c86d-898b-4bcb-8984-cb2fb4110340&quot;,&quot;77875289-1383-480a-a9b0-98d722c79a9b&quot;],&quot;service_names&quot;:[&quot;Haircut&quot;,&quot;Beard Trim&quot;],&quot;total_original&quot;:230.0,&quot;discount_percentage&quot;:10,&quot;total_discounted&quot;:207.0,&quot;notes&quot;:&quot;Test custom package&quot;},&quot;url&quot;:&quot;https://errors.pydantic.dev/2.12/v/missing&quot;}]}&#10;assert 422 == 200&#10; +  where 422 = &lt;Response [422]&gt;.status_code">backend/tests/test_rbac_features.py:424: in test_create_custom_package
    assert response.status_code == 200, f"Create package failed: {response.text}"
E   AssertionError: Create package failed: {"detail":[{"type":"missing","loc":["body","services"],"msg":"Field required","input":{"salon_id":"a9b1b6e7-482c-4dc0-904a-9fa50cc283d3","customer_phone":"+919999999999","customer_name":"Test Customer","package_name":"TEST_Custom_Package","service_ids":["b9f6c86d-898b-4bcb-8984-cb2fb4110340","77875289-1383-480a-a9b0-98d722c79a9b"],"service_names":["Haircut","Beard Trim"],"total_original":230.0,"discount_percentage":10,"total_discounted":207.0,"notes":"Test custom package"},"url":"https://errors.pydantic.dev/2.12/v/missing"}]}
E   assert 422 == 200
E    +  where 422 = &lt;Response [422]&gt;.status_code</failure></testcase><testcase classname="backend.tests.test_rbac_features.TestCustomPackages" name="test_get_customer_packages" time="0.112" /><testcase classname="backend.tests.test_rbac_features.TestLoyaltyProgram" name="test_get_loyalty_settings" time="0.114" /><testcase classname="backend.tests.test_rbac_features.TestLoyaltyProgram" name="test_save_loyalty_settings" time="0.124" /><testcase classname="backend.tests.test_rbac_features.TestCustomerWallet" name="test_get_customer_membership" time="0.214"><failure message="AssertionError: Unexpected response: 500 - Internal Server Error&#10;assert False">backend/tests/test_rbac_features.py:520: in test_get_customer_membership
    assert False, f"Unexpected response: {response.status_code} - {response.text}"
E   AssertionError: Unexpected response: 500 - Internal Server Error
E   assert False</failure></testcase></testsuite></testsuites>