<?xml version="1.0" encoding="utf-8"?><testsuites name="pytest tests"><testsuite name="pytest" errors="0" failures="0" skipped="0" tests="7" time="1.667" timestamp="2026-04-11T20:49:18.114980+00:00" hostname="agent-env-92fe2b66-0746-427a-be7f-2e16c0c43593"><testcase classname="tests.test_loyalty_api.TestLoyaltyProgramAPI" name="test_health_check" time="0.140" /><testcase classname="tests.test_loyalty_api.TestLoyaltyProgramAPI" name="test_salon_password_login" time="0.339" /><testcase classname="tests.test_loyalty_api.TestLoyaltyProgramAPI" name="test_get_loyalty_program_unauthenticated" time="0.103" /><testcase classname="tests.test_loyalty_api.TestLoyaltyProgramAPI" name="test_get_loyalty_program_authenticated" time="0.390" /><testcase classname="tests.test_loyalty_api.TestLoyaltyProgramAPI" name="test_post_loyalty_program_authenticated" time="0.404" /><testcase classname="tests.test_loyalty_api.TestStaffManagement" name="test_get_barbers" time="0.107" /><testcase classname="tests.test_loyalty_api.TestCustomerPackages" name="test_get_services" time="0.135" /></testsuite></testsuites>