<?xml version="1.0" encoding="utf-8"?><testsuites name="pytest tests"><testsuite name="pytest" errors="0" failures="0" skipped="0" tests="14" time="5.665" timestamp="2026-03-26T18:27:39.746987+00:00" hostname="agent-env-fb4e85a0-75c8-4c68-8e9e-d1a13ee22321"><testcase classname="backend.tests.test_barber_service_management.TestServiceManagement" name="test_get_all_services" time="0.297" /><testcase classname="backend.tests.test_barber_service_management.TestServiceManagement" name="test_create_service" time="0.373" /><testcase classname="backend.tests.test_barber_service_management.TestServiceManagement" name="test_update_service" time="0.285" /><testcase classname="backend.tests.test_barber_service_management.TestServiceManagement" name="test_delete_service" time="0.363" /><testcase classname="backend.tests.test_barber_service_management.TestServiceManagement" name="test_create_service_without_auth_fails" time="0.592" /><testcase classname="backend.tests.test_barber_service_management.TestBarberManagement" name="test_get_salon_barbers" time="0.353" /><testcase classname="backend.tests.test_barber_service_management.TestBarberManagement" name="test_create_barber" time="0.120" /><testcase classname="backend.tests.test_barber_service_management.TestBarberManagement" name="test_update_barber" time="0.224" /><testcase classname="backend.tests.test_barber_service_management.TestBarberManagement" name="test_delete_barber" time="0.373" /><testcase classname="backend.tests.test_barber_service_management.TestBarberManagement" name="test_create_barber_without_auth_fails" time="0.111" /><testcase classname="backend.tests.test_barber_service_management.TestBarberServiceAssignment" name="test_get_barber_services" time="0.487" /><testcase classname="backend.tests.test_barber_service_management.TestBarberServiceAssignment" name="test_bulk_update_barber_services" time="0.450" /><testcase classname="backend.tests.test_barber_service_management.TestBarberServiceAssignment" name="test_update_single_service_price" time="0.480" /><testcase classname="backend.tests.test_barber_service_management.TestBarberServiceIntegration" name="test_full_barber_service_workflow" time="1.074" /></testsuite></testsuites>