<?xml version="1.0" encoding="utf-8"?><testsuites name="pytest tests"><testsuite name="pytest" errors="0" failures="1" skipped="2" tests="22" time="5.603" timestamp="2026-03-26T16:35:57.101786+00:00" hostname="agent-env-fb4e85a0-75c8-4c68-8e9e-d1a13ee22321"><testcase classname="backend.tests.test_salon_api.TestHealthCheck" name="test_api_root" time="0.306" /><testcase classname="backend.tests.test_salon_api.TestSalonRegistration" name="test_register_new_salon" time="0.131" /><testcase classname="backend.tests.test_salon_api.TestSalonRegistration" name="test_register_duplicate_phone_fails" time="0.107"><failure message="assert 200 == 400&#10; +  where 200 = &lt;Response [200]&gt;.status_code">backend/tests/test_salon_api.py:77: in test_register_duplicate_phone_fails
    assert response.status_code == 400
E   assert 200 == 400
E    +  where 200 = &lt;Response [200]&gt;.status_code</failure></testcase><testcase classname="backend.tests.test_salon_api.TestSalonOTPAuth" name="test_send_otp" time="0.128" /><testcase classname="backend.tests.test_salon_api.TestSalonOTPAuth" name="test_send_otp_new_phone" time="0.166" /><testcase classname="backend.tests.test_salon_api.TestSalonOTPAuth" name="test_verify_otp_success" time="0.252" /><testcase classname="backend.tests.test_salon_api.TestSalonOTPAuth" name="test_verify_otp_invalid" time="0.276" /><testcase classname="backend.tests.test_salon_api.TestSalons" name="test_get_all_salons" time="0.121" /><testcase classname="backend.tests.test_salon_api.TestSalons" name="test_get_salon_by_id" time="0.250" /><testcase classname="backend.tests.test_salon_api.TestSalons" name="test_get_salons_by_location" time="0.123" /><testcase classname="backend.tests.test_salon_api.TestServices" name="test_get_services" time="0.198" /><testcase classname="backend.tests.test_salon_api.TestBarbers" name="test_get_salon_barbers" time="0.245" /><testcase classname="backend.tests.test_salon_api.TestBarbers" name="test_get_barber_services" time="0.266"><skipped type="pytest.skip" message="No barbers available">/app/backend/tests/test_salon_api.py:238: No barbers available</skipped></testcase><testcase classname="backend.tests.test_salon_api.TestSlots" name="test_get_slots" time="0.173" /><testcase classname="backend.tests.test_salon_api.TestUserAuth" name="test_user_login" time="0.180" /><testcase classname="backend.tests.test_salon_api.TestUserAuth" name="test_user_login_invalid_phone" time="0.108" /><testcase classname="backend.tests.test_salon_api.TestBookings" name="test_create_booking" time="0.682" /><testcase classname="backend.tests.test_salon_api.TestQueueManagement" name="test_get_salon_queue" time="0.491" /><testcase classname="backend.tests.test_salon_api.TestQueueManagement" name="test_get_barber_queue" time="0.638"><skipped type="pytest.skip" message="No barbers available">/app/backend/tests/test_salon_api.py:410: No barbers available</skipped></testcase><testcase classname="backend.tests.test_salon_api.TestPayments" name="test_generate_upi_qr_no_token" time="0.130" /><testcase classname="backend.tests.test_salon_api.TestUserHistory" name="test_get_user_history" time="0.282" /><testcase classname="backend.tests.test_salon_api.TestUserHistory" name="test_get_user_active_bookings" time="0.248" /></testsuite></testsuites>